Arguments: 
  C:\Program Files\nodejs\node.exe C:\Users\held0\AppData\Roaming\npm\node_modules\yarn\bin\yarn.js add browserif

PATH: 
  C:\Program Files\Oculus\Support\oculus-runtime;C:\Program Files\Eclipse Foundation\jdk-11.0.12.7-hotspot\bin;C:\Windows\system32;C:\Windows;C:\Windows\System32\Wbem;C:\Windows\System32\WindowsPowerShell\v1.0\;C:\Windows\System32\OpenSSH\;C:\Program Files (x86)\NVIDIA Corporation\PhysX\Common;C:\Program Files\PuTTY\;C:\Program Files\dotnet\;C:\Program Files\nodejs\;C:\ProgramData\chocolatey\bin;C:\Program Files\Git\cmd;C:\Program Files\Microsoft SQL Server\Client SDK\ODBC\170\Tools\Binn\;C:\Program Files (x86)\Microsoft SQL Server\150\Tools\Binn\;C:\Program Files\Microsoft SQL Server\150\Tools\Binn\;C:\Program Files\Microsoft SQL Server\150\DTS\Binn\;C:\Program Files (x86)\Microsoft SQL Server\150\DTS\Binn\;C:\Program Files\Azure Data Studio\bin;C:\Users\held0\AppData\Local\Programs\Python\Python39\Scripts\;C:\Users\held0\AppData\Local\Programs\Python\Python39\;C:\Users\held0\AppData\Local\Microsoft\WindowsApps;C:\Program Files\JetBrains\PyCharm Community Edition 2021.2\bin;;C:\FFmpeg\bin;C:\Users\held0\.dotnet\tools;C:\Users\held0\AppData\Local\Programs\Microsoft VS Code\bin;C:\Users\held0\AppData\Roaming\npm;c:\users\held0\.local\bin;c:\users\held0\appdata\roaming\python\python310\scripts;C:\Users\held0\AppData\Roaming\Python\Python310\site-packages\pipx;c:\users\held0\.local\bin;c:\users\held0\appdata\roaming\python\python310\scripts;;c:\users\held0\.local\bin;c:\users\held0\appdata\roaming\python\python39\scripts;C:\Program Files\Azure Data Studio\bin

Yarn version: 
  1.22.17

Node version: 
  16.14.0

Platform: 
  win32 x64

Trace: 
  Error: https://registry.yarnpkg.com/browserif: Not found
      at Request.params.callback [as _callback] (C:\Users\held0\AppData\Roaming\npm\node_modules\yarn\lib\cli.js:67029:18)
      at Request.self.callback (C:\Users\held0\AppData\Roaming\npm\node_modules\yarn\lib\cli.js:140883:22)
      at Request.emit (node:events:520:28)
      at Request.<anonymous> (C:\Users\held0\AppData\Roaming\npm\node_modules\yarn\lib\cli.js:141855:10)
      at Request.emit (node:events:520:28)
      at IncomingMessage.<anonymous> (C:\Users\held0\AppData\Roaming\npm\node_modules\yarn\lib\cli.js:141777:12)
      at Object.onceWrapper (node:events:639:28)
      at IncomingMessage.emit (node:events:532:35)
      at endReadableNT (node:internal/streams/readable:1346:12)
      at processTicksAndRejections (node:internal/process/task_queues:83:21)

npm manifest: 
  No manifest

yarn manifest: 
  No manifest

Lockfile: 
  No lockfile
